<?xml version="1.0" encoding="UTF-8"?>
<!-- Generated by org.testng.reporters.JUnitXMLReporter -->
<testsuite ignored="0" hostname="Agema-Zamirbekova.local" failures="0" tests="9" name="/IdeaProjects/Abracadabra" time="47.845" errors="0" timestamp="2025-02-12T16:29:43 KGT">
  <testcase classname="talentLMS.importExportTest.ImportTest" name="importAndDownloadTest" time="4.804"/>
  <testcase classname="talentLMS.importExportTest.ImportTest" name="importAndDownloadNegativeTest" time="2.169"/>
  <testcase classname="talentLMS.importExportTest.ImportTest" name="useAllReadyMadeExamplesTest" time="3.798"/>
  <testcase classname="talentLMS.importExportTest.ImportTest" name="verifyImportButtonIsDisabled" time="1.67"/>
  <testcase classname="talentLMS.importExportTest.ImportTest" name="importOrCancel" time="4.308"/>
  <testcase classname="talentLMS.importExportTest.ImportTest" name="verifySampleExcelFileIsClickable" time="1.646"/>
  <testcase classname="talentLMS.importExportTest.ImportTest" name="verifyImportButtonDisabledDuringUpload" time="1.252"/>
  <testcase classname="talentLMS.importExportTest.ImportTest" name="verifyClearFileUpload" time="2.312"/>
  <testcase classname="talentLMS.importExportTest.ImportTest" name="verifySuccessMessageAfterImport" time="4.968"/>
</testsuite> <!-- /IdeaProjects/Abracadabra -->
