<?xml version="1.0" encoding="UTF-8"?>
<testsuite xmlns:xsi="http://www.w3.org/2001/XMLSchema-instance" xsi:noNamespaceSchemaLocation="https://maven.apache.org/surefire/maven-surefire-plugin/xsd/surefire-test-report-3.0.xsd" version="3.0" name="TestSuite" time="51.528" tests="9" errors="0" skipped="0" failures="0">
  <properties>
[...]
</properties>
  <testcase name="importAndDownloadTest" classname="talentLMS.importExportTest.ImportTest" time="4.824">
    <system-err><![CDATA[SLF4J: Failed to load class "org.slf4j.impl.StaticLoggerBinder".
SLF4J: Defaulting to no-operation (NOP) logger implementation
SLF4J: See http://www.slf4j.org/codes.html#StaticLoggerBinder for further details.
февр. 12, 2025 4:28:54 PM org.openqa.selenium.devtools.CdpVersionFinder findNearestMatch
WARNING: Unable to find an exact match for CDP version 133, returning the closest version; found: 131; Please update to a Selenium version that supports CDP version 133
]]></system-err>
  </testcase>
  <testcase name="importAndDownloadNegativeTest" classname="talentLMS.importExportTest.ImportTest" time="2.169"/>
  <testcase name="useAllReadyMadeExamplesTest" classname="talentLMS.importExportTest.ImportTest" time="3.799"/>
  <testcase name="verifyImportButtonIsDisabled" classname="talentLMS.importExportTest.ImportTest" time="1.672"/>
  <testcase name="importOrCancel" classname="talentLMS.importExportTest.ImportTest" time="4.311"/>
  <testcase name="verifySampleExcelFileIsClickable" classname="talentLMS.importExportTest.ImportTest" time="1.65"/>
  <testcase name="verifyImportButtonDisabledDuringUpload" classname="talentLMS.importExportTest.ImportTest" time="1.253"/>
  <testcase name="verifyClearFileUpload" classname="talentLMS.importExportTest.ImportTest" time="2.312"/>
  <testcase name="verifySuccessMessageAfterImport" classname="talentLMS.importExportTest.ImportTest" time="4.97"/>
</testsuite>